#
# A fatal error has been detected by the Java Runtime Environment:
#
#  EXCEPTION_ACCESS_VIOLATION (0xc0000005) at pc=0x00000000049e3e4d, pid=1104, tid=0x0000000000000f04
#
# JRE version: Java(TM) SE Runtime Environment (8.0_151-b12) (build 1.8.0_151-b12)
# Java VM: Java HotSpot(TM) 64-Bit Server VM (25.151-b12 mixed mode windows-amd64 compressed oops)
# Problematic frame:
# j  java.nio.HeapByteBuffer.getInt()I+7
#
# Failed to write core dump. Minidumps are not enabled by default on client versions of Windows
#
# If you would like to submit a bug report, please visit:
#   http://bugreport.java.com/bugreport/crash.jsp
#

---------------  T H R E A D  ---------------

Current thread (0x000000001f9ea800):  JavaThread "http-nio-8081-exec-1" daemon [_thread_in_Java, id=3844, stack(0x00000000221c0000,0x00000000222c0000)]

siginfo: ExceptionCode=0xc0000005, reading address 0xffffffffffffffff

Registers:
RAX=0x0000000100027fe8, RBX=0x020000000000003a, RCX=0x00000000f2600158, RDX=0x0000000040000002
RSP=0x00000000222bd108, RBP=0x00000000222bd168, RSI=0x000000001bd3e760, RDI=0x0000000000000530
R8 =0x0000000000000010, R9 =0x000000000000000a, R10=0x00000000773bf240, R11=0x00000000052bdca0
R12=0x0000000000000000, R13=0x000000001673c45f, R14=0x0000000000000000, R15=0x000000001f9ea800
RIP=0x00000000049e3e4d, EFLAGS=0x0000000000010246

Top of Stack: (sp=0x00000000222bd108)
0x00000000222bd108:   00000000049c7da0 000000000000000c
0x00000000222bd118:   00000000f2600158 00000000f2600158
0x00000000222bd128:   00000000222bd128 000000001673c45f
0x00000000222bd138:   00000000222bd178 000000001673d198
0x00000000222bd148:   0000000000000000 000000001673c470
0x00000000222bd158:   0000000000000000 00000000222bd180
0x00000000222bd168:   00000000222bd2f8 0000000005628734
0x00000000222bd178:   00000000f2600158 000000000000000a
0x00000000222bd188:   00000000f2600158 000000001bdb8fe0
0x00000000222bd198:   0000000000000000 00000000222bd1e0
0x00000000222bd1a8:   00000000222bd1d0 000000001673b548
0x00000000222bd1b8:   00000000f2600158 0000000016c04a08
0x00000000222bd1c8:   00000000f2600158 00000000222bd2b0
0x00000000222bd1d8:   0000000000000206 00000000222bd2f8
0x00000000222bd1e8:   000000000562852c 0000000000000007
0x00000000222bd1f8:   0000000000000006 000000001bdb8fe0 

Instructions: (pc=0x00000000049e3e4d)
0x00000000049e3e2d:   01 49 83 5e 28 00 e9 0d 00 00 00 49 89 46 10 ba
0x00000000049e3e3d:   01 00 00 00 49 89 56 18 49 83 c6 30 4c 89 75 e0
0x00000000049e3e4d:   48 8b 9c d8 b8 01 00 00 48 8b 55 e0 48 85 d2 0f
0x00000000049e3e5d:   84 2f 01 00 00 80 7a d0 0b 0f 85 25 01 00 00 48 


Register to memory mapping:

RAX=0x0000000100027fe8 is pointing into metadata
RBX=0x020000000000003a is an unknown value
RCX=0x00000000f2600158 is an oop
java.nio.HeapByteBuffer 
 - klass: 'java/nio/HeapByteBuffer'
RDX=0x0000000040000002 is an unknown value
RSP=0x00000000222bd108 is pointing into the stack for thread: 0x000000001f9ea800
RBP=0x00000000222bd168 is pointing into the stack for thread: 0x000000001f9ea800
RSI=0x000000001bd3e760 is pointing into metadata
RDI=0x0000000000000530 is an unknown value
R8 =0x0000000000000010 is an unknown value
R9 =0x000000000000000a is an unknown value
R10=0x00000000773bf240 is an unknown value
R11=0x00000000052bdca0 is at entry_point+32 in (nmethod*)0x00000000052bdb50
R12=0x0000000000000000 is an unknown value
R13=0x000000001673c45f is pointing into metadata
R14=0x0000000000000000 is an unknown value
R15=0x000000001f9ea800 is a thread


Stack: [0x00000000221c0000,0x00000000222c0000],  sp=0x00000000222bd108,  free space=1012k
Native frames: (J=compiled Java code, j=interpreted, Vv=VM code, C=native code)
C  0x00000000049e3e4d


---------------  P R O C E S S  ---------------

Java Threads: ( => current thread )
  0x000000001da6e000 JavaThread "DestroyJavaVM" [_thread_blocked, id=4600, stack(0x00000000046c0000,0x00000000047c0000)]
  0x000000001da70800 JavaThread "http-nio-8081-AsyncTimeout" daemon [_thread_blocked, id=7284, stack(0x0000000022ff0000,0x00000000230f0000)]
  0x000000001da6f800 JavaThread "http-nio-8081-Acceptor-0" daemon [_thread_in_native, id=2388, stack(0x0000000022ef0000,0x0000000022ff0000)]
  0x000000001da63800 JavaThread "http-nio-8081-ClientPoller-1" daemon [_thread_in_native, id=3524, stack(0x0000000022df0000,0x0000000022ef0000)]
  0x000000001da62800 JavaThread "http-nio-8081-ClientPoller-0" daemon [_thread_in_native, id=11740, stack(0x0000000022bc0000,0x0000000022cc0000)]
  0x000000001da69800 JavaThread "http-nio-8081-exec-10" daemon [_thread_blocked, id=10808, stack(0x0000000022ac0000,0x0000000022bc0000)]
  0x000000001da68800 JavaThread "http-nio-8081-exec-9" daemon [_thread_blocked, id=5296, stack(0x00000000229c0000,0x0000000022ac0000)]
  0x000000001da68000 JavaThread "http-nio-8081-exec-8" daemon [_thread_blocked, id=8272, stack(0x00000000228c0000,0x00000000229c0000)]
  0x000000001da64000 JavaThread "http-nio-8081-exec-7" daemon [_thread_blocked, id=1664, stack(0x00000000227c0000,0x00000000228c0000)]
  0x000000001da67000 JavaThread "http-nio-8081-exec-6" daemon [_thread_blocked, id=2900, stack(0x00000000226c0000,0x00000000227c0000)]
  0x000000001da66800 JavaThread "http-nio-8081-exec-5" daemon [_thread_blocked, id=7348, stack(0x00000000225c0000,0x00000000226c0000)]
  0x000000001da65800 JavaThread "http-nio-8081-exec-4" daemon [_thread_blocked, id=7948, stack(0x00000000224c0000,0x00000000225c0000)]
  0x000000001da65000 JavaThread "http-nio-8081-exec-3" daemon [_thread_blocked, id=6552, stack(0x00000000223c0000,0x00000000224c0000)]
  0x000000001f9eb800 JavaThread "http-nio-8081-exec-2" daemon [_thread_blocked, id=2060, stack(0x00000000222c0000,0x00000000223c0000)]
=>0x000000001f9ea800 JavaThread "http-nio-8081-exec-1" daemon [_thread_in_Java, id=3844, stack(0x00000000221c0000,0x00000000222c0000)]
  0x000000001f9ea000 JavaThread "NioBlockingSelector.BlockPoller-1" daemon [_thread_in_native, id=2000, stack(0x00000000220c0000,0x00000000221c0000)]
  0x000000001f9e8800 JavaThread "HikariPool-1 housekeeper" daemon [_thread_blocked, id=5780, stack(0x0000000020d80000,0x0000000020e80000)]
  0x000000001f9e9000 JavaThread "MySQL Statement Cancellation Timer" daemon [_thread_blocked, id=1052, stack(0x0000000020c80000,0x0000000020d80000)]
  0x0000000019094800 JavaThread "container-0" [_thread_blocked, id=3780, stack(0x0000000020980000,0x0000000020a80000)]
  0x000000001c24f800 JavaThread "ContainerBackgroundProcessor[StandardEngine[Tomcat]]" daemon [_thread_blocked, id=10128, stack(0x000000001f840000,0x000000001f940000)]
  0x000000001895b800 JavaThread "Service Thread" daemon [_thread_blocked, id=3188, stack(0x0000000018dd0000,0x0000000018ed0000)]
  0x00000000188bf000 JavaThread "C1 CompilerThread2" daemon [_thread_blocked, id=5184, stack(0x0000000018cd0000,0x0000000018dd0000)]
  0x00000000188be000 JavaThread "C2 CompilerThread1" daemon [_thread_blocked, id=4844, stack(0x0000000018bd0000,0x0000000018cd0000)]
  0x00000000188bd800 JavaThread "C2 CompilerThread0" daemon [_thread_blocked, id=4340, stack(0x0000000018ad0000,0x0000000018bd0000)]
  0x00000000188b8800 JavaThread "Monitor Ctrl-Break" daemon [_thread_in_native, id=8796, stack(0x00000000189d0000,0x0000000018ad0000)]
  0x0000000016f91800 JavaThread "Attach Listener" daemon [_thread_blocked, id=4984, stack(0x00000000184d0000,0x00000000185d0000)]
  0x0000000016f90000 JavaThread "Signal Dispatcher" daemon [_thread_blocked, id=4344, stack(0x00000000183d0000,0x00000000184d0000)]
  0x0000000016f80000 JavaThread "Finalizer" daemon [_thread_blocked, id=10780, stack(0x00000000181e0000,0x00000000182e0000)]
  0x0000000016f59000 JavaThread "Reference Handler" daemon [_thread_blocked, id=4452, stack(0x00000000180e0000,0x00000000181e0000)]

Other Threads:
  0x0000000016f58000 VMThread [stack: 0x0000000017fe0000,0x00000000180e0000] [id=11036]
  0x00000000189cc800 WatcherThread [stack: 0x00000000196d0000,0x00000000197d0000] [id=12084]

VM state:not at safepoint (normal execution)

VM Mutex/Monitor currently owned by a thread: None

Heap:
 PSYoungGen      total 140800K, used 139444K [0x00000000eb400000, 0x00000000f6180000, 0x0000000100000000)
  eden space 131072K, 98% used [0x00000000eb400000,0x00000000f32b03d8,0x00000000f3400000)
  from space 9728K, 99% used [0x00000000f3400000,0x00000000f3d7cf98,0x00000000f3d80000)
  to   space 12288K, 0% used [0x00000000f5580000,0x00000000f5580000,0x00000000f6180000)
 ParOldGen       total 50688K, used 25045K [0x00000000c1c00000, 0x00000000c4d80000, 0x00000000eb400000)
  object space 50688K, 49% used [0x00000000c1c00000,0x00000000c3475558,0x00000000c4d80000)
 Metaspace       used 55552K, capacity 57870K, committed 58024K, reserved 1099776K
  class space    used 7346K, capacity 7746K, committed 7848K, reserved 1048576K

Card table byte_map: [0x0000000013d80000,0x0000000013f80000] byte_map_base: 0x0000000013772000

Marking Bits: (ParMarkBitMap*) 0x00000000773dd850
 Begin Bits: [0x00000000144d0000, 0x0000000015460000)
 End Bits:   [0x0000000015460000, 0x00000000163f0000)

Polling page: 0x0000000002920000

CodeCache: size=245760Kb used=15879Kb max_used=16413Kb free=229880Kb
 bounds [0x00000000049c0000, 0x0000000005a20000, 0x00000000139c0000]
 total_blobs=5099 nmethods=4548 adapters=462
 compilation: enabled

Compilation events (10 events):
Event: 6945.189 Thread 0x00000000188bf000 5406       3       java.util.concurrent.locks.AbstractQueuedSynchronizer::enq (58 bytes)
Event: 6945.448 Thread 0x00000000188bf000 nmethod 5406 0x0000000005945290 code [0x0000000005945420, 0x0000000005945950]
Event: 6945.484 Thread 0x00000000188bf000 5407       3       sun.nio.ch.Util::isBufferTooLarge (15 bytes)
Event: 6945.510 Thread 0x00000000188bf000 nmethod 5407 0x00000000050003d0 code [0x0000000005000520, 0x00000000050006b0]
Event: 6946.289 Thread 0x00000000188bf000 5408       3       org.apache.tomcat.util.buf.AbstractChunk::isNull (22 bytes)
Event: 6946.313 Thread 0x00000000188bf000 nmethod 5408 0x00000000058cacd0 code [0x00000000058cae20, 0x00000000058cb030]
Event: 6946.788 Thread 0x00000000188bf000 5409   !   3       org.springframework.util.MimeTypeUtils::parseMimeType (412 bytes)
Event: 6947.445 Thread 0x00000000188be000 5410       4       java.lang.String::toUpperCase (439 bytes)
Event: 6947.823 Thread 0x00000000188bf000 nmethod 5409 0x0000000005461d90 code [0x0000000005462280, 0x0000000005465508]
Event: 6948.422 Thread 0x00000000188be000 nmethod 5410 0x00000000058c9bd0 code [0x00000000058c9d60, 0x00000000058ca4d8]

GC Heap History (10 events):
Event: 31.882 GC heap before
{Heap before GC invocations=15 (full 1):
 PSYoungGen      total 74240K, used 73248K [0x00000000eb400000, 0x00000000f2000000, 0x0000000100000000)
  eden space 67584K, 100% used [0x00000000eb400000,0x00000000ef600000,0x00000000ef600000)
  from space 6656K, 85% used [0x00000000ef600000,0x00000000efb88210,0x00000000efc80000)
  to   space 7168K, 0% used [0x00000000f1900000,0x00000000f1900000,0x00000000f2000000)
 ParOldGen       total 27648K, used 13587K [0x00000000c1c00000, 0x00000000c3700000, 0x00000000eb400000)
  object space 27648K, 49% used [0x00000000c1c00000,0x00000000c2944c30,0x00000000c3700000)
 Metaspace       used 33192K, capacity 34610K, committed 34864K, reserved 1079296K
  class space    used 4290K, capacity 4564K, committed 4656K, reserved 1048576K
Event: 31.898 GC heap after
Heap after GC invocations=15 (full 1):
 PSYoungGen      total 100352K, used 2964K [0x00000000eb400000, 0x00000000f1e80000, 0x0000000100000000)
  eden space 94720K, 0% used [0x00000000eb400000,0x00000000eb400000,0x00000000f1080000)
  from space 5632K, 52% used [0x00000000f1900000,0x00000000f1be53f8,0x00000000f1e80000)
  to   space 7168K, 0% used [0x00000000f1080000,0x00000000f1080000,0x00000000f1780000)
 ParOldGen       total 27648K, used 16835K [0x00000000c1c00000, 0x00000000c3700000, 0x00000000eb400000)
  object space 27648K, 60% used [0x00000000c1c00000,0x00000000c2c70c80,0x00000000c3700000)
 Metaspace       used 33192K, capacity 34610K, committed 34864K, reserved 1079296K
  class space    used 4290K, capacity 4564K, committed 4656K, reserved 1048576K
}
Event: 32.314 GC heap before
{Heap before GC invocations=16 (full 1):
 PSYoungGen      total 100352K, used 14752K [0x00000000eb400000, 0x00000000f1e80000, 0x0000000100000000)
  eden space 94720K, 12% used [0x00000000eb400000,0x00000000ebf82c28,0x00000000f1080000)
  from space 5632K, 52% used [0x00000000f1900000,0x00000000f1be53f8,0x00000000f1e80000)
  to   space 7168K, 0% used [0x00000000f1080000,0x00000000f1080000,0x00000000f1780000)
 ParOldGen       total 27648K, used 16835K [0x00000000c1c00000, 0x00000000c3700000, 0x00000000eb400000)
  object space 27648K, 60% used [0x00000000c1c00000,0x00000000c2c70c80,0x00000000c3700000)
 Metaspace       used 33957K, capacity 35370K, committed 35496K, reserved 1079296K
  class space    used 4382K, capacity 4666K, committed 4776K, reserved 1048576K
Event: 32.323 GC heap after
Heap after GC invocations=16 (full 1):
 PSYoungGen      total 101888K, used 1095K [0x00000000eb400000, 0x00000000f4700000, 0x0000000100000000)
  eden space 94720K, 0% used [0x00000000eb400000,0x00000000eb400000,0x00000000f1080000)
  from space 7168K, 15% used [0x00000000f1080000,0x00000000f1191de0,0x00000000f1780000)
  to   space 7168K, 0% used [0x00000000f4000000,0x00000000f4000000,0x00000000f4700000)
 ParOldGen       total 27648K, used 18610K [0x00000000c1c00000, 0x00000000c3700000, 0x00000000eb400000)
  object space 27648K, 67% used [0x00000000c1c00000,0x00000000c2e2cbb0,0x00000000c3700000)
 Metaspace       used 33957K, capacity 35370K, committed 35496K, reserved 1079296K
  class space    used 4382K, capacity 4666K, committed 4776K, reserved 1048576K
}
Event: 32.323 GC heap before
{Heap before GC invocations=17 (full 2):
 PSYoungGen      total 101888K, used 1095K [0x00000000eb400000, 0x00000000f4700000, 0x0000000100000000)
  eden space 94720K, 0% used [0x00000000eb400000,0x00000000eb400000,0x00000000f1080000)
  from space 7168K, 15% used [0x00000000f1080000,0x00000000f1191de0,0x00000000f1780000)
  to   space 7168K, 0% used [0x00000000f4000000,0x00000000f4000000,0x00000000f4700000)
 ParOldGen       total 27648K, used 18610K [0x00000000c1c00000, 0x00000000c3700000, 0x00000000eb400000)
  object space 27648K, 67% used [0x00000000c1c00000,0x00000000c2e2cbb0,0x00000000c3700000)
 Metaspace       used 33957K, capacity 35370K, committed 35496K, reserved 1079296K
  class space    used 4382K, capacity 4666K, committed 4776K, reserved 1048576K
Event: 32.527 GC heap after
Heap after GC invocations=17 (full 2):
 PSYoungGen      total 101888K, used 0K [0x00000000eb400000, 0x00000000f4700000, 0x0000000100000000)
  eden space 94720K, 0% used [0x00000000eb400000,0x00000000eb400000,0x00000000f1080000)
  from space 7168K, 0% used [0x00000000f1080000,0x00000000f1080000,0x00000000f1780000)
  to   space 7168K, 0% used [0x00000000f4000000,0x00000000f4000000,0x00000000f4700000)
 ParOldGen       total 50688K, used 17877K [0x00000000c1c00000, 0x00000000c4d80000, 0x00000000eb400000)
  object space 50688K, 35% used [0x00000000c1c00000,0x00000000c2d754a0,0x00000000c4d80000)
 Metaspace       used 33957K, capacity 35370K, committed 35496K, reserved 1079296K
  class space    used 4382K, capacity 4666K, committed 4776K, reserved 1048576K
}
Event: 36.742 GC heap before
{Heap before GC invocations=18 (full 2):
 PSYoungGen      total 101888K, used 94720K [0x00000000eb400000, 0x00000000f4700000, 0x0000000100000000)
  eden space 94720K, 100% used [0x00000000eb400000,0x00000000f1080000,0x00000000f1080000)
  from space 7168K, 0% used [0x00000000f1080000,0x00000000f1080000,0x00000000f1780000)
  to   space 7168K, 0% used [0x00000000f4000000,0x00000000f4000000,0x00000000f4700000)
 ParOldGen       total 50688K, used 17877K [0x00000000c1c00000, 0x00000000c4d80000, 0x00000000eb400000)
  object space 50688K, 35% used [0x00000000c1c00000,0x00000000c2d754a0,0x00000000c4d80000)
 Metaspace       used 44298K, capacity 45822K, committed 46120K, reserved 1089536K
  class space    used 5884K, capacity 6176K, committed 6184K, reserved 1048576K
Event: 36.759 GC heap after
Heap after GC invocations=18 (full 2):
 PSYoungGen      total 133120K, used 7157K [0x00000000eb400000, 0x00000000f4700000, 0x0000000100000000)
  eden space 125952K, 0% used [0x00000000eb400000,0x00000000eb400000,0x00000000f2f00000)
  from space 7168K, 99% used [0x00000000f4000000,0x00000000f46fd4b0,0x00000000f4700000)
  to   space 9728K, 0% used [0x00000000f3400000,0x00000000f3400000,0x00000000f3d80000)
 ParOldGen       total 50688K, used 21614K [0x00000000c1c00000, 0x00000000c4d80000, 0x00000000eb400000)
  object space 50688K, 42% used [0x00000000c1c00000,0x00000000c311ba58,0x00000000c4d80000)
 Metaspace       used 44298K, capacity 45822K, committed 46120K, reserved 1089536K
  class space    used 5884K, capacity 6176K, committed 6184K, reserved 1048576K
}
Event: 41.533 GC heap before
{Heap before GC invocations=19 (full 2):
 PSYoungGen      total 133120K, used 133109K [0x00000000eb400000, 0x00000000f4700000, 0x0000000100000000)
  eden space 125952K, 100% used [0x00000000eb400000,0x00000000f2f00000,0x00000000f2f00000)
  from space 7168K, 99% used [0x00000000f4000000,0x00000000f46fd4b0,0x00000000f4700000)
  to   space 9728K, 0% used [0x00000000f3400000,0x00000000f3400000,0x00000000f3d80000)
 ParOldGen       total 50688K, used 21614K [0x00000000c1c00000, 0x00000000c4d80000, 0x00000000eb400000)
  object space 50688K, 42% used [0x00000000c1c00000,0x00000000c311ba58,0x00000000c4d80000)
 Metaspace       used 50393K, capacity 52510K, committed 52776K, reserved 1095680K
  class space    used 6709K, capacity 7092K, committed 7208K, reserved 1048576K
Event: 41.565 GC heap after
Heap after GC invocations=19 (full 2):
 PSYoungGen      total 140800K, used 9715K [0x00000000eb400000, 0x00000000f6180000, 0x0000000100000000)
  eden space 131072K, 0% used [0x00000000eb400000,0x00000000eb400000,0x00000000f3400000)
  from space 9728K, 99% used [0x00000000f3400000,0x00000000f3d7cf98,0x00000000f3d80000)
  to   space 12288K, 0% used [0x00000000f5580000,0x00000000f5580000,0x00000000f6180000)
 ParOldGen       total 50688K, used 25045K [0x00000000c1c00000, 0x00000000c4d80000, 0x00000000eb400000)
  object space 50688K, 49% used [0x00000000c1c00000,0x00000000c3475558,0x00000000c4d80000)
 Metaspace       used 50393K, capacity 52510K, committed 52776K, reserved 1095680K
  class space    used 6709K, capacity 7092K, committed 7208K, reserved 1048576K
}

Deoptimization events (10 events):
Event: 661.088 Thread 0x000000001da66800 Uncommon trap: reason=unstable_if action=reinterpret pc=0x0000000004e218c0 method=java.nio.Buffer.limit(I)Ljava/nio/Buffer; @ 33
Event: 1396.784 Thread 0x000000001da64000 Uncommon trap: reason=bimorphic action=maybe_recompile pc=0x00000000059ae964 method=java.util.concurrent.ConcurrentHashMap.putVal(Ljava/lang/Object;Ljava/lang/Object;Z)Ljava/lang/Object; @ 192
Event: 1397.218 Thread 0x000000001da64000 Uncommon trap: reason=unstable_if action=reinterpret pc=0x0000000004fec820 method=java.util.StringTokenizer.scanToken(I)I @ 96
Event: 1397.339 Thread 0x000000001da64000 Uncommon trap: reason=bimorphic action=maybe_recompile pc=0x00000000059acd34 method=java.util.Hashtable.addEntry(ILjava/lang/Object;Ljava/lang/Object;I)V @ 38
Event: 1397.339 Thread 0x000000001da64000 Uncommon trap: reason=bimorphic action=maybe_recompile pc=0x00000000059acd34 method=java.util.Hashtable.addEntry(ILjava/lang/Object;Ljava/lang/Object;I)V @ 38
Event: 1397.339 Thread 0x000000001da64000 Uncommon trap: reason=bimorphic action=maybe_recompile pc=0x00000000059acd34 method=java.util.Hashtable.addEntry(ILjava/lang/Object;Ljava/lang/Object;I)V @ 38
Event: 1397.346 Thread 0x000000001da64000 Uncommon trap: reason=bimorphic action=maybe_recompile pc=0x00000000059aa560 method=java.util.Hashtable.get(Ljava/lang/Object;)Ljava/lang/Object; @ 45
Event: 1397.352 Thread 0x000000001da64000 Uncommon trap: reason=bimorphic action=maybe_recompile pc=0x00000000059aa560 method=java.util.Hashtable.get(Ljava/lang/Object;)Ljava/lang/Object; @ 45
Event: 1397.353 Thread 0x000000001da64000 Uncommon trap: reason=unstable_if action=reinterpret pc=0x0000000004acdc40 method=java.lang.CharacterData.of(I)Ljava/lang/CharacterData; @ 4
Event: 3605.278 Thread 0x000000001da6d800 Uncommon trap: reason=unstable_if action=reinterpret pc=0x0000000005994b40 method=com.mysql.jdbc.util.ReadAheadInputStream.readFromUnderlyingStreamIfNecessary([BII)I @ 200

Internal exceptions (10 events):
Event: 526.696 Thread 0x000000001f9ea800 Exception <a 'java/lang/ClassNotFoundException': org/springframework/web/servlet/ThemeResolverCustomizer> (0x00000000eef78788) thrown at [C:\re\workspace\8-2-build-windows-amd64-cygwin\jdk8u151\9699\hotspot\src\share\vm\classfile\systemDictionary.cpp, lin
Event: 526.702 Thread 0x000000001f9ea800 Exception <a 'java/lang/ClassNotFoundException': java/lang/ObjectCustomizer> (0x00000000eef9ccb0) thrown at [C:\re\workspace\8-2-build-windows-amd64-cygwin\jdk8u151\9699\hotspot\src\share\vm\classfile\systemDictionary.cpp, line 210]
Event: 526.704 Thread 0x000000001f9ea800 Exception <a 'java/lang/ClassNotFoundException': org/springframework/web/servlet/view/DefaultRequestToViewNameTranslatorCustomizer> (0x00000000eefbc988) thrown at [C:\re\workspace\8-2-build-windows-amd64-cygwin\jdk8u151\9699\hotspot\src\share\vm\classfile
Event: 526.707 Thread 0x000000001f9ea800 Exception <a 'java/lang/ClassNotFoundException': org/springframework/web/servlet/RequestToViewNameTranslatorCustomizer> (0x00000000eefe7dc0) thrown at [C:\re\workspace\8-2-build-windows-amd64-cygwin\jdk8u151\9699\hotspot\src\share\vm\classfile\systemDicti
Event: 526.716 Thread 0x000000001f9ea800 Exception <a 'java/lang/ClassNotFoundException': java/lang/ObjectCustomizer> (0x00000000ef028158) thrown at [C:\re\workspace\8-2-build-windows-amd64-cygwin\jdk8u151\9699\hotspot\src\share\vm\classfile\systemDictionary.cpp, line 210]
Event: 526.719 Thread 0x000000001f9ea800 Exception <a 'java/lang/ClassNotFoundException': org/springframework/web/servlet/support/AbstractFlashMapManagerCustomizer> (0x00000000ef045f40) thrown at [C:\re\workspace\8-2-build-windows-amd64-cygwin\jdk8u151\9699\hotspot\src\share\vm\classfile\systemD
Event: 526.721 Thread 0x000000001f9ea800 Exception <a 'java/lang/ClassNotFoundException': org/springframework/web/servlet/support/SessionFlashMapManagerCustomizer> (0x00000000ef067c18) thrown at [C:\re\workspace\8-2-build-windows-amd64-cygwin\jdk8u151\9699\hotspot\src\share\vm\classfile\systemDi
Event: 526.724 Thread 0x000000001f9ea800 Exception <a 'java/lang/ClassNotFoundException': org/springframework/web/servlet/FlashMapManagerCustomizer> (0x00000000ef0813b0) thrown at [C:\re\workspace\8-2-build-windows-amd64-cygwin\jdk8u151\9699\hotspot\src\share\vm\classfile\systemDictionary.cpp, l
Event: 1397.645 Thread 0x000000001da64000 Exception <a 'java/lang/NoSuchMethodError': java.lang.Object.lambda$mapIfAllPresent$6(Ljava/util/Optional;Ljava/util/function/BiFunction;Ljava/lang/Object;)Ljava/util/Optional;> (0x00000000f0b60dc0) thrown at [C:\re\workspace\8-2-build-windows-amd64-cygwi
Event: 1397.647 Thread 0x000000001da64000 Exception <a 'java/lang/NoSuchMethodError': java.lang.Object.lambda$null$5(Ljava/util/function/BiFunction;Ljava/lang/Object;Ljava/lang/Object;)Ljava/lang/Object;> (0x00000000f0b65a50) thrown at [C:\re\workspace\8-2-build-windows-amd64-cygwin\jdk8u151\9699

Events (10 events):
Event: 5401.381 Executing VM operation: RevokeBias
Event: 5401.381 Executing VM operation: RevokeBias done
Event: 5401.381 Thread 0x000000001da6c800 Thread exited: 0x000000001da6c800
Event: 5401.428 Executing VM operation: RevokeBias
Event: 5401.428 Executing VM operation: RevokeBias done
Event: 5401.428 Thread 0x000000001da71000 Thread exited: 0x000000001da71000
Event: 5453.411 Executing VM operation: RevokeBias
Event: 5453.411 Executing VM operation: RevokeBias done
Event: 5535.305 Executing VM operation: RevokeBias
Event: 5535.306 Executing VM operation: RevokeBias done


Dynamic libraries:
0x00007ff6c8660000 - 0x00007ff6c8697000 	C:\Program Files\Java\jdk1.8.0_151\bin\java.exe
0x00007fff08440000 - 0x00007fff08620000 	C:\WINDOWS\SYSTEM32\ntdll.dll
0x00007fff07cb0000 - 0x00007fff07d5e000 	C:\WINDOWS\System32\KERNEL32.DLL
0x00007fff04fb0000 - 0x00007fff05216000 	C:\WINDOWS\System32\KERNELBASE.dll
0x00007fff07530000 - 0x00007fff075d1000 	C:\WINDOWS\System32\ADVAPI32.dll
0x00007fff07490000 - 0x00007fff0752d000 	C:\WINDOWS\System32\msvcrt.dll
0x00007fff072c0000 - 0x00007fff0731b000 	C:\WINDOWS\System32\sechost.dll
0x00007fff076a0000 - 0x00007fff077bf000 	C:\WINDOWS\System32\RPCRT4.dll
0x00007fff06f70000 - 0x00007fff070ff000 	C:\WINDOWS\System32\USER32.dll
0x00007fff04840000 - 0x00007fff04860000 	C:\WINDOWS\System32\win32u.dll
0x00007fff07960000 - 0x00007fff07988000 	C:\WINDOWS\System32\GDI32.dll
0x00007fff052f0000 - 0x00007fff05483000 	C:\WINDOWS\System32\gdi32full.dll
0x00007fff05870000 - 0x00007fff0590b000 	C:\WINDOWS\System32\msvcp_win.dll
0x00007fff05770000 - 0x00007fff05866000 	C:\WINDOWS\System32\ucrtbase.dll
0x00007ffefbbb0000 - 0x00007ffefbe19000 	C:\WINDOWS\WinSxS\amd64_microsoft.windows.common-controls_6595b64144ccf1df_6.0.16299.431_none_15c7d3ee93659e73\COMCTL32.dll
0x00007fff07990000 - 0x00007fff07c98000 	C:\WINDOWS\System32\combase.dll
0x00007fff05220000 - 0x00007fff05292000 	C:\WINDOWS\System32\bcryptPrimitives.dll
0x00007fff082f0000 - 0x00007fff0831d000 	C:\WINDOWS\System32\IMM32.DLL
0x0000000050510000 - 0x00000000505e2000 	C:\Program Files\Java\jdk1.8.0_151\jre\bin\msvcr100.dll
0x0000000076bc0000 - 0x000000007745d000 	C:\Program Files\Java\jdk1.8.0_151\jre\bin\server\jvm.dll
0x00007fff07e90000 - 0x00007fff07e98000 	C:\WINDOWS\System32\PSAPI.DLL
0x00007ffeff8d0000 - 0x00007ffeff8da000 	C:\WINDOWS\SYSTEM32\VERSION.dll
0x00007fff02730000 - 0x00007fff02753000 	C:\WINDOWS\SYSTEM32\WINMM.dll
0x00007ffef7300000 - 0x00007ffef7309000 	C:\WINDOWS\SYSTEM32\WSOCK32.dll
0x00007fff08320000 - 0x00007fff0838c000 	C:\WINDOWS\System32\WS2_32.dll
0x00007fff02690000 - 0x00007fff026ba000 	C:\WINDOWS\SYSTEM32\winmmbase.dll
0x00007fff052a0000 - 0x00007fff052ea000 	C:\WINDOWS\System32\cfgmgr32.dll
0x0000000051640000 - 0x000000005164f000 	C:\Program Files\Java\jdk1.8.0_151\jre\bin\verify.dll
0x0000000051480000 - 0x00000000514a9000 	C:\Program Files\Java\jdk1.8.0_151\jre\bin\java.dll
0x0000000050480000 - 0x00000000504a3000 	C:\Program Files\Java\jdk1.8.0_151\jre\bin\instrument.dll
0x00000000504f0000 - 0x0000000050506000 	C:\Program Files\Java\jdk1.8.0_151\jre\bin\zip.dll
0x00007fff05920000 - 0x00007fff06d58000 	C:\WINDOWS\System32\SHELL32.dll
0x00007fff07100000 - 0x00007fff071a6000 	C:\WINDOWS\System32\shcore.dll
0x00007fff04860000 - 0x00007fff04fa7000 	C:\WINDOWS\System32\windows.storage.dll
0x00007fff06dc0000 - 0x00007fff06e11000 	C:\WINDOWS\System32\shlwapi.dll
0x00007fff04790000 - 0x00007fff047a1000 	C:\WINDOWS\System32\kernel.appcore.dll
0x00007fff047d0000 - 0x00007fff0481c000 	C:\WINDOWS\System32\powrprof.dll
0x00007fff04820000 - 0x00007fff0483b000 	C:\WINDOWS\System32\profapi.dll
0x00007ffeeddf0000 - 0x00007ffeede0a000 	D:\InteliJ\IntelliJ IDEA Community Edition 2017.3.2\bin\breakgen64.dll
0x00000000504d0000 - 0x00000000504ea000 	C:\Program Files\Java\jdk1.8.0_151\jre\bin\net.dll
0x00007fff03fc0000 - 0x00007fff04026000 	C:\WINDOWS\system32\mswsock.dll
0x0000000051630000 - 0x000000005163d000 	C:\Program Files\Java\jdk1.8.0_151\jre\bin\management.dll
0x00007ffef5fe0000 - 0x00007ffef5ff6000 	C:\WINDOWS\system32\napinsp.dll
0x00007ffef5f80000 - 0x00007ffef5f9a000 	C:\WINDOWS\system32\pnrpnsp.dll
0x00007fff012a0000 - 0x00007fff012b8000 	C:\WINDOWS\system32\NLAapi.dll
0x00007fff03d90000 - 0x00007fff03e46000 	C:\WINDOWS\SYSTEM32\DNSAPI.dll
0x00007fff05910000 - 0x00007fff05918000 	C:\WINDOWS\System32\NSI.dll
0x00007fff03d50000 - 0x00007fff03d89000 	C:\WINDOWS\SYSTEM32\IPHLPAPI.DLL
0x00007ffef5ed0000 - 0x00007ffef5ede000 	C:\WINDOWS\System32\winrnr.dll
0x00007ffefa320000 - 0x00007ffefa32a000 	C:\Windows\System32\rasadhlp.dll
0x00007ffefaeb0000 - 0x00007ffefaf20000 	C:\WINDOWS\System32\fwpuclnt.dll
0x00007fff04290000 - 0x00007fff042b5000 	C:\WINDOWS\SYSTEM32\bcrypt.dll
0x00000000504b0000 - 0x00000000504c1000 	C:\Program Files\Java\jdk1.8.0_151\jre\bin\nio.dll
0x00007fff04180000 - 0x00007fff04197000 	C:\WINDOWS\SYSTEM32\CRYPTSP.dll
0x00007fff03bc0000 - 0x00007fff03bf3000 	C:\WINDOWS\system32\rsaenh.dll
0x00007fff04690000 - 0x00007fff046b9000 	C:\WINDOWS\SYSTEM32\USERENV.dll
0x00007fff041a0000 - 0x00007fff041ab000 	C:\WINDOWS\SYSTEM32\CRYPTBASE.dll
0x00007ffefd890000 - 0x00007ffefd8a6000 	C:\WINDOWS\SYSTEM32\dhcpcsvc6.DLL
0x00007ffefe590000 - 0x00007ffefe5aa000 	C:\WINDOWS\SYSTEM32\dhcpcsvc.DLL
0x00007ffef8120000 - 0x00007ffef82e8000 	C:\WINDOWS\SYSTEM32\dbghelp.dll

VM Arguments:
jvm_args: -javaagent:D:\InteliJ\IntelliJ IDEA Community Edition 2017.3.2\lib\idea_rt.jar=58602:D:\InteliJ\IntelliJ IDEA Community Edition 2017.3.2\bin -Dfile.encoding=UTF-8 
java_command: com.ps.backend.BackendApplication
java_class_path (initial): C:\Program Files\Java\jdk1.8.0_151\jre\lib\charsets.jar;C:\Program Files\Java\jdk1.8.0_151\jre\lib\deploy.jar;C:\Program Files\Java\jdk1.8.0_151\jre\lib\ext\access-bridge-64.jar;C:\Program Files\Java\jdk1.8.0_151\jre\lib\ext\cldrdata.jar;C:\Program Files\Java\jdk1.8.0_151\jre\lib\ext\dnsns.jar;C:\Program Files\Java\jdk1.8.0_151\jre\lib\ext\jaccess.jar;C:\Program Files\Java\jdk1.8.0_151\jre\lib\ext\jfxrt.jar;C:\Program Files\Java\jdk1.8.0_151\jre\lib\ext\localedata.jar;C:\Program Files\Java\jdk1.8.0_151\jre\lib\ext\nashorn.jar;C:\Program Files\Java\jdk1.8.0_151\jre\lib\ext\sunec.jar;C:\Program Files\Java\jdk1.8.0_151\jre\lib\ext\sunjce_provider.jar;C:\Program Files\Java\jdk1.8.0_151\jre\lib\ext\sunmscapi.jar;C:\Program Files\Java\jdk1.8.0_151\jre\lib\ext\sunpkcs11.jar;C:\Program Files\Java\jdk1.8.0_151\jre\lib\ext\zipfs.jar;C:\Program Files\Java\jdk1.8.0_151\jre\lib\javaws.jar;C:\Program Files\Java\jdk1.8.0_151\jre\lib\jce.jar;C:\Program Files\Java\jdk1.8.0_151\jre\lib\jfr.jar;C:\Program Files\Java\jdk1.8.0_151\jre\lib\jfxswt.jar;C:\Program Files\Java\jdk1.8.0_151\jre\lib\jsse.jar;C:\Program Files\Java\jdk1.8.0_151\jre\lib\management-agent.jar;C:\Program Files\Java\jdk1.8.0_151\jre\lib\plugin.jar;C:\Program Files\Java\jdk1.8.0_151\jre\lib\resources.jar;C:\Program Files\Java\jdk1.8.0_151\jre\lib\rt.jar;C:\Users\tbiut\Desktop\n-tier2\backend\build\classes\main;C:\Users\tbiut\Desktop\n-tier2\common\build\classes\java\main;C:\Users\tbiut\.gradle\caches\modules-2\files-2.1\org.springframework.boot\spring-boot-starter-web\2.0.1.RELEASE\88751ed76791d12425ce5a80476baf1749a44cf4\spring-boot-starter-web-2.0.1.RELEASE.jar;C:\Users\tbiut\.gradle\caches\modules-2\files-2.1\org.springframework.boot\spring-boot-starter-data-jpa\2.0.1.RELEASE\b7c701f60073e2d2b8a8f5502dcc39d4f65f45ff\spring-boot-starter-data-jpa-2.0.1.RELEASE.jar;C:\Users\tbiut\.gradle\caches\modules-2\files-2.1\org.mapstruct\mapstruct-jdk8\1.2.0.Final\efba1f379a16a29d2adaaeeac4286a37c3eb
Launcher Type: SUN_STANDARD

Environment Variables:
PATH=C:\ProgramData\Oracle\Java\javapath;C:\WINDOWS\system32;C:\WINDOWS;C:\WINDOWS\System32\Wbem;C:\WINDOWS\System32\WindowsPowerShell\v1.0\;C:\Program Files\MySQL\MySQL Utilities 1.6\;C:\ProgramData\chocolatey\bin;C:\Users\tbiut\AppData\Local\Microsoft\WindowsApps;
USERNAME=tbiut
OS=Windows_NT
PROCESSOR_IDENTIFIER=Intel64 Family 6 Model 58 Stepping 9, GenuineIntel



---------------  S Y S T E M  ---------------

OS: Windows 10.0 , 64 bit Build 16299 (10.0.16299.431)

CPU:total 4 (initial active 4) (2 cores per cpu, 2 threads per core) family 6 model 58 stepping 9, cmov, cx8, fxsr, mmx, sse, sse2, sse3, ssse3, sse4.1, sse4.2, popcnt, avx, clmul, erms, ht, tsc, tscinvbit, tscinv

Memory: 4k page, physical 4077256k(515508k free), swap 7733876k(1756308k free)

vm_info: Java HotSpot(TM) 64-Bit Server VM (25.151-b12) for windows-amd64 JRE (1.8.0_151-b12), built on Sep  5 2017 19:33:46 by "java_re" with MS VC++ 10.0 (VS2010)

time: Wed May 30 21:02:02 2018
elapsed time: 6949 seconds (0d 1h 55m 49s)

